[22:28:15.057] [INFO] storybook v10.2.14
[22:28:16.381] [DEBUG] Getting package.json info for C:/Users/princ/ui-garden/package.json...
[22:28:18.426] [DEBUG] Serving static files from [36mui-garden/public[39m at [36m/[39m
[22:28:18.426] [INFO] Starting...
[22:28:18.607] [WARN] unable to find package.json for @storybook/addon-essentials
[22:28:18.612] [WARN] unable to find package.json for @storybook/addon-interactions
[22:28:18.615] [WARN] unable to find package.json for @storybook/addon-links
[22:28:18.620] [WARN] unable to find package.json for @storybook/testing-library
[22:28:18.621] [WARN] unable to find package.json for @storybook/jest
[22:28:19.384] [DEBUG] Starting preview..
[22:28:19.419] [INFO] Loading Webpack configuration from `node_modules\react-scripts`
[22:28:19.426] [INFO] Removing existing JavaScript and TypeScript rules.
[22:28:21.567] [INFO] Modifying Create React App rules.
[22:28:21.602] [INFO] Addon-docs: using MDX3
[22:28:21.770] [INFO] Using default Webpack5 setup
[22:28:35.496] [WARN] [eslint] 
src\stories\Button.stories.js
  [1mLine 6:1:[22m  Assign object to a variable before exporting as module default  [33m[4mimport/no-anonymous-default-export[24m[39m

src\stories\Header.stories.js
  [1mLine 5:1:[22m  Assign object to a variable before exporting as module default  [33m[4mimport/no-anonymous-default-export[24m[39m

src\stories\Page.stories.js
  [1mLine 5:1:[22m  Assign object to a variable before exporting as module default  [33m[4mimport/no-anonymous-default-export[24m[39m


[22:28:35.501] [ERROR] Failed to build the preview
[22:28:35.509] [WARN] Force closed preview build
[22:28:35.531] [ERROR] [38;2;241;97;97mSB_BUILDER-WEBPACK5_0003 (WebpackCompilationError): There were problems when compiling your code with Webpack.
Run Storybook with --debug-webpack for more information.[39m
    at starter (file:///C:/Users/princ/ui-garden/node_modules/@storybook/builder-webpack5/dist/index.js:799:11)
    at starter.next (<anonymous>)
    at Module.start (file:///C:/Users/princ/ui-garden/node_modules/@storybook/builder-webpack5/dist/index.js:857:34)
    at process.processTicksAndRejections (node:internal/process/task_queues:104:5)
    at async storybookDevServer (file:///C:/Users/princ/ui-garden/node_modules/storybook/dist/core-server/index.js:7241:83)
    at async buildOrThrow (file:///C:/Users/princ/ui-garden/node_modules/storybook/dist/core-server/index.js:4504:12)
    at async buildDevStandalone (file:///C:/Users/princ/ui-garden/node_modules/storybook/dist/core-server/index.js:7611:66)
    at async withTelemetry (file:///C:/Users/princ/ui-garden/node_modules/storybook/dist/_node-chunks/chunk-DTZLXIO2.js:218:12)
    at async dev (file:///C:/Users/princ/ui-garden/node_modules/storybook/dist/bin/core.js:2734:3)
    at async _Command.<anonymous> (file:///C:/Users/princ/ui-garden/node_modules/storybook/dist/bin/core.js:2804:92)
[22:28:35.591] [WARN] Broken build, fix the error above.
You may need to refresh the browser.
[22:28:41.315] [PROMPT] Would you like to send anonymous crash reports to improve Storybook and fix bugs faster? {"choice":false}